# JRE version: OpenJDK Runtime Environment (8.0_212-b04) (build 1.8.0_212-b04)
# Java VM: OpenJDK 64-Bit Server VM (25.212-b04 mixed mode bsd-amd64 compressed oops)
Heap:
 PSYoungGen      total 2634752K, used 2586294K [0x0000000715580000, 0x00000007c0000000, 0x00000007c0000000)
  eden space 2474496K, 100% used [0x0000000715580000,0x00000007ac600000,0x00000007ac600000)
  from space 160256K, 69% used [0x00000007b6380000,0x00000007bd0adb88,0x00000007c0000000)
  to   space 160768K, 17% used [0x00000007ac600000,0x00000007ae0bc280,0x00000007b6300000)
 ParOldGen       total 651264K, used 418232K [0x00000005c0000000, 0x00000005e7c00000, 0x0000000715580000)
  object space 651264K, 64% used [0x00000005c0000000,0x00000005d986e278,0x00000005e7c00000)
 Metaspace       used 12918K, capacity 13644K, committed 13952K, reserved 1062912K
  class space    used 1053K, capacity 1096K, committed 1152K, reserved 1048576K
GC Heap History (10 events):
Event: 22.924 GC heap after
Heap after GC invocations=31 (full 1):
 PSYoungGen      total 2638848K, used 107534K [0x0000000715580000, 0x00000007c0000000, 0x00000007c0000000)
  eden space 2487808K, 0% used [0x0000000715580000,0x0000000715580000,0x00000007ad300000)
  from space 151040K, 71% used [0x00000007b6c80000,0x00000007bd5838d8,0x00000007c0000000)
  to   space 154112K, 0% used [0x00000007ad300000,0x00000007ad300000,0x00000007b6980000)
 ParOldGen       total 651264K, used 397200K [0x00000005c0000000, 0x00000005e7c00000, 0x0000000715580000)
  object space 651264K, 60% used [0x00000005c0000000,0x00000005d83e40f8,0x00000005e7c00000)
 Metaspace       used 12821K, capacity 13580K, committed 13696K, reserved 1062912K
  class space    used 1047K, capacity 1096K, committed 1152K, reserved 1048576K
}
Event: 23.357 GC heap before
{Heap before GC invocations=32 (full 1):
 PSYoungGen      total 2638848K, used 2585277K [0x0000000715580000, 0x00000007c0000000, 0x00000007c0000000)
  eden space 2487808K, 99% used [0x0000000715580000,0x00000007ac92be48,0x00000007ad300000)
  from space 151040K, 71% used [0x00000007b6c80000,0x00000007bd5838d8,0x00000007c0000000)
  to   space 154112K, 0% used [0x00000007ad300000,0x00000007ad300000,0x00000007b6980000)
 ParOldGen       total 651264K, used 397200K [0x00000005c0000000, 0x00000005e7c00000, 0x0000000715580000)
  object space 651264K, 60% used [0x00000005c0000000,0x00000005d83e40f8,0x00000005e7c00000)
 Metaspace       used 12825K, capacity 13580K, committed 13696K, reserved 1062912K
  class space    used 1047K, capacity 1096K, committed 1152K, reserved 1048576K
Event: 23.400 GC heap after
Heap after GC invocations=32 (full 1):
 PSYoungGen      total 2598400K, used 110464K [0x0000000715580000, 0x00000007c0000000, 0x00000007c0000000)
  eden space 2487808K, 0% used [0x0000000715580000,0x0000000715580000,0x00000007ad300000)
  from space 110592K, 99% used [0x00000007ad300000,0x00000007b3ee0030,0x00000007b3f00000)
  to   space 157184K, 0% used [0x00000007b6680000,0x00000007b6680000,0x00000007c0000000)
 ParOldGen       total 651264K, used 403891K [0x00000005c0000000, 0x00000005e7c00000, 0x0000000715580000)
  object space 651264K, 62% used [0x00000005c0000000,0x00000005d8a6cc58,0x00000005e7c00000)
 Metaspace       used 12825K, capacity 13580K, committed 13696K, reserved 1062912K
  class space    used 1047K, capacity 1096K, committed 1152K, reserved 1048576K
}
Event: 23.789 GC heap before
{Heap before GC invocations=33 (full 1):
 PSYoungGen      total 2598400K, used 2580422K [0x0000000715580000, 0x00000007c0000000, 0x00000007c0000000)
  eden space 2487808K, 99% used [0x0000000715580000,0x00000007ac1918d0,0x00000007ad300000)
  from space 110592K, 99% used [0x00000007ad300000,0x00000007b3ee0030,0x00000007b3f00000)
  to   space 157184K, 0% used [0x00000007b6680000,0x00000007b6680000,0x00000007c0000000)
 ParOldGen       total 651264K, used 403891K [0x00000005c0000000, 0x00000005e7c00000, 0x0000000715580000)
  object space 651264K, 62% used [0x00000005c0000000,0x00000005d8a6cc58,0x00000005e7c00000)
 Metaspace       used 12826K, capacity 13580K, committed 13696K, reserved 1062912K
  class space    used 1047K, capacity 1096K, committed 1152K, reserved 1048576K
Event: 23.838 GC heap after
Heap after GC invocations=33 (full 1):
 PSYoungGen      total 2635776K, used 110328K [0x0000000715580000, 0x00000007c0000000, 0x00000007c0000000)
  eden space 2478592K, 0% used [0x0000000715580000,0x0000000715580000,0x00000007aca00000)
  from space 157184K, 70% used [0x00000007b6680000,0x00000007bd23e210,0x00000007c0000000)
  to   space 158720K, 0% used [0x00000007aca00000,0x00000007aca00000,0x00000007b6500000)
 ParOldGen       total 651264K, used 408659K [0x00000005c0000000, 0x00000005e7c00000, 0x0000000715580000)
  object space 651264K, 62% used [0x00000005c0000000,0x00000005d8f14e98,0x00000005e7c00000)
 Metaspace       used 12826K, capacity 13580K, committed 13696K, reserved 1062912K
  class space    used 1047K, capacity 1096K, committed 1152K, reserved 1048576K
}
Event: 24.210 GC heap before
{Heap before GC invocations=34 (full 1):
 PSYoungGen      total 2635776K, used 2588920K [0x0000000715580000, 0x00000007c0000000, 0x00000007c0000000)
  eden space 2478592K, 100% used [0x0000000715580000,0x00000007aca00000,0x00000007aca00000)
  from space 157184K, 70% used [0x00000007b6680000,0x00000007bd23e210,0x00000007c0000000)
  to   space 158720K, 0% used [0x00000007aca00000,0x00000007aca00000,0x00000007b6500000)
 ParOldGen       total 651264K, used 408659K [0x00000005c0000000, 0x00000005e7c00000, 0x0000000715580000)
  object space 651264K, 62% used [0x00000005c0000000,0x00000005d8f14e98,0x00000005e7c00000)
 Metaspace       used 12826K, capacity 13580K, committed 13696K, reserved 1062912K
  class space    used 1047K, capacity 1096K, committed 1152K, reserved 1048576K
Event: 24.246 GC heap after
Heap after GC invocations=34 (full 1):
 PSYoungGen      total 2589696K, used 111054K [0x0000000715580000, 0x00000007c0000000, 0x00000007c0000000)
  eden space 2478592K, 0% used [0x0000000715580000,0x0000000715580000,0x00000007aca00000)
  from space 111104K, 99% used [0x00000007aca00000,0x00000007b3673958,0x00000007b3680000)
  to   space 160256K, 0% used [0x00000007b6380000,0x00000007b6380000,0x00000007c0000000)
 ParOldGen       total 651264K, used 414172K [0x00000005c0000000, 0x00000005e7c00000, 0x0000000715580000)
  object space 651264K, 63% used [0x00000005c0000000,0x00000005d94770f8,0x00000005e7c00000)
 Metaspace       used 12826K, capacity 13580K, committed 13696K, reserved 1062912K
  class space    used 1047K, capacity 1096K, committed 1152K, reserved 1048576K
}
Event: 24.570 GC heap before
{Heap before GC invocations=35 (full 1):
 PSYoungGen      total 2589696K, used 2589646K [0x0000000715580000, 0x00000007c0000000, 0x00000007c0000000)
  eden space 2478592K, 100% used [0x0000000715580000,0x00000007aca00000,0x00000007aca00000)
  from space 111104K, 99% used [0x00000007aca00000,0x00000007b3673958,0x00000007b3680000)
  to   space 160256K, 0% used [0x00000007b6380000,0x00000007b6380000,0x00000007c0000000)
 ParOldGen       total 651264K, used 414172K [0x00000005c0000000, 0x00000005e7c00000, 0x0000000715580000)
  object space 651264K, 63% used [0x00000005c0000000,0x00000005d94770f8,0x00000005e7c00000)
 Metaspace       used 12828K, capacity 13580K, committed 13696K, reserved 1062912K
  class space    used 1047K, capacity 1096K, committed 1152K, reserved 1048576K
Event: 24.603 GC heap after
Heap after GC invocations=35 (full 1):
 PSYoungGen      total 2634752K, used 111798K [0x0000000715580000, 0x00000007c0000000, 0x00000007c0000000)
  eden space 2474496K, 0% used [0x0000000715580000,0x0000000715580000,0x00000007ac600000)
  from space 160256K, 69% used [0x00000007b6380000,0x00000007bd0adb88,0x00000007c0000000)
  to   space 160768K, 0% used [0x00000007ac600000,0x00000007ac600000,0x00000007b6300000)
 ParOldGen       total 651264K, used 417940K [0x00000005c0000000, 0x00000005e7c00000, 0x0000000715580000)
  object space 651264K, 64% used [0x00000005c0000000,0x00000005d9825248,0x00000005e7c00000)
 Metaspace       used 12828K, capacity 13580K, committed 13696K, reserved 1062912K
  class space    used 1047K, capacity 1096K, committed 1152K, reserved 1048576K
}
Event: 25.042 GC heap before
{Heap before GC invocations=36 (full 1):
 PSYoungGen      total 2634752K, used 2586294K [0x0000000715580000, 0x00000007c0000000, 0x00000007c0000000)
  eden space 2474496K, 100% used [0x0000000715580000,0x00000007ac600000,0x00000007ac600000)
  from space 160256K, 69% used [0x00000007b6380000,0x00000007bd0adb88,0x00000007c0000000)
  to   space 160768K, 0% used [0x00000007ac600000,0x00000007ac600000,0x00000007b6300000)
 ParOldGen       total 651264K, used 417940K [0x00000005c0000000, 0x00000005e7c00000, 0x0000000715580000)
  object space 651264K, 64% used [0x00000005c0000000,0x00000005d9825248,0x00000005e7c00000)
 Metaspace       used 12918K, capacity 13644K, committed 13952K, reserved 1062912K
  class space    used 1053K, capacity 1096K, committed 1152K, reserved 1048576K

