# JRE version: OpenJDK Runtime Environment (8.0_212-b04) (build 1.8.0_212-b04)
# Java VM: OpenJDK 64-Bit Server VM (25.212-b04 mixed mode bsd-amd64 compressed oops)
Heap:
 PSYoungGen      total 1182208K, used 1182201K [0x0000000715580000, 0x00000007aae80000, 0x00000007c0000000)
  eden space 1048064K, 100% used [0x0000000715580000,0x0000000755500000,0x0000000755500000)
  from space 134144K, 99% used [0x0000000755500000,0x000000075d7fe5c8,0x000000075d800000)
  to   space 177152K, 66% used [0x00000007a0180000,0x00000007a7534120,0x00000007aae80000)
 ParOldGen       total 349696K, used 218906K [0x00000005c0000000, 0x00000005d5580000, 0x0000000715580000)
  object space 349696K, 62% used [0x00000005c0000000,0x00000005cd5c6bc8,0x00000005d5580000)
 Metaspace       used 10136K, capacity 10956K, committed 11264K, reserved 1058816K
  class space    used 861K, capacity 904K, committed 1024K, reserved 1048576K
GC Heap History (10 events):
Event: 1.742 GC heap after
Heap after GC invocations=3 (full 0):
 PSYoungGen      total 284672K, used 21473K [0x0000000715580000, 0x0000000738180000, 0x00000007c0000000)
  eden space 263168K, 0% used [0x0000000715580000,0x0000000715580000,0x0000000725680000)
  from space 21504K, 99% used [0x0000000725680000,0x0000000726b78780,0x0000000726b80000)
  to   space 21504K, 0% used [0x0000000736c80000,0x0000000736c80000,0x0000000738180000)
 ParOldGen       total 349696K, used 43707K [0x00000005c0000000, 0x00000005d5580000, 0x0000000715580000)
  object space 349696K, 12% used [0x00000005c0000000,0x00000005c2aaef18,0x00000005d5580000)
 Metaspace       used 7970K, capacity 9100K, committed 9344K, reserved 1058816K
  class space    used 749K, capacity 840K, committed 896K, reserved 1048576K
}
Event: 2.308 GC heap before
{Heap before GC invocations=4 (full 0):
 PSYoungGen      total 284672K, used 284641K [0x0000000715580000, 0x0000000738180000, 0x00000007c0000000)
  eden space 263168K, 100% used [0x0000000715580000,0x0000000725680000,0x0000000725680000)
  from space 21504K, 99% used [0x0000000725680000,0x0000000726b78780,0x0000000726b80000)
  to   space 21504K, 0% used [0x0000000736c80000,0x0000000736c80000,0x0000000738180000)
 ParOldGen       total 349696K, used 43707K [0x00000005c0000000, 0x00000005d5580000, 0x0000000715580000)
  object space 349696K, 12% used [0x00000005c0000000,0x00000005c2aaef18,0x00000005d5580000)
 Metaspace       used 8032K, capacity 9164K, committed 9344K, reserved 1058816K
  class space    used 749K, capacity 840K, committed 896K, reserved 1048576K
Event: 2.374 GC heap after
Heap after GC invocations=4 (full 0):
 PSYoungGen      total 547840K, used 21504K [0x0000000715580000, 0x0000000738180000, 0x00000007c0000000)
  eden space 526336K, 0% used [0x0000000715580000,0x0000000715580000,0x0000000735780000)
  from space 21504K, 100% used [0x0000000736c80000,0x0000000738180000,0x0000000738180000)
  to   space 21504K, 0% used [0x0000000735780000,0x0000000735780000,0x0000000736c80000)
 ParOldGen       total 349696K, used 84334K [0x00000005c0000000, 0x00000005d5580000, 0x0000000715580000)
  object space 349696K, 24% used [0x00000005c0000000,0x00000005c525b8a0,0x00000005d5580000)
 Metaspace       used 8032K, capacity 9164K, committed 9344K, reserved 1058816K
  class space    used 749K, capacity 840K, committed 896K, reserved 1048576K
}
Event: 3.586 GC heap before
{Heap before GC invocations=5 (full 0):
 PSYoungGen      total 547840K, used 547840K [0x0000000715580000, 0x0000000738180000, 0x00000007c0000000)
  eden space 526336K, 100% used [0x0000000715580000,0x0000000735780000,0x0000000735780000)
  from space 21504K, 100% used [0x0000000736c80000,0x0000000738180000,0x0000000738180000)
  to   space 21504K, 0% used [0x0000000735780000,0x0000000735780000,0x0000000736c80000)
 ParOldGen       total 349696K, used 84334K [0x00000005c0000000, 0x00000005d5580000, 0x0000000715580000)
  object space 349696K, 24% used [0x00000005c0000000,0x00000005c525b8a0,0x00000005d5580000)
 Metaspace       used 9440K, capacity 10508K, committed 10752K, reserved 1058816K
  class space    used 820K, capacity 904K, committed 1024K, reserved 1048576K
Event: 3.704 GC heap after
Heap after GC invocations=5 (full 0):
 PSYoungGen      total 547840K, used 21472K [0x0000000715580000, 0x0000000765680000, 0x00000007c0000000)
  eden space 526336K, 0% used [0x0000000715580000,0x0000000715580000,0x0000000735780000)
  from space 21504K, 99% used [0x0000000735780000,0x0000000736c78010,0x0000000736c80000)
  to   space 129536K, 0% used [0x000000075d800000,0x000000075d800000,0x0000000765680000)
 ParOldGen       total 349696K, used 181874K [0x00000005c0000000, 0x00000005d5580000, 0x0000000715580000)
  object space 349696K, 52% used [0x00000005c0000000,0x00000005cb19cb48,0x00000005d5580000)
 Metaspace       used 9440K, capacity 10508K, committed 10752K, reserved 1058816K
  class space    used 820K, capacity 904K, committed 1024K, reserved 1048576K
}
Event: 4.640 GC heap before
{Heap before GC invocations=6 (full 0):
 PSYoungGen      total 547840K, used 547808K [0x0000000715580000, 0x0000000765680000, 0x00000007c0000000)
  eden space 526336K, 100% used [0x0000000715580000,0x0000000735780000,0x0000000735780000)
  from space 21504K, 99% used [0x0000000735780000,0x0000000736c78010,0x0000000736c80000)
  to   space 129536K, 0% used [0x000000075d800000,0x000000075d800000,0x0000000765680000)
 ParOldGen       total 349696K, used 181874K [0x00000005c0000000, 0x00000005d5580000, 0x0000000715580000)
  object space 349696K, 52% used [0x00000005c0000000,0x00000005cb19cb48,0x00000005d5580000)
 Metaspace       used 9539K, capacity 10636K, committed 11008K, reserved 1058816K
  class space    used 821K, capacity 904K, committed 1024K, reserved 1048576K
Event: 4.713 GC heap after
Heap after GC invocations=6 (full 0):
 PSYoungGen      total 1177600K, used 84478K [0x0000000715580000, 0x0000000765f80000, 0x00000007c0000000)
  eden space 1048064K, 0% used [0x0000000715580000,0x0000000715580000,0x0000000755500000)
  from space 129536K, 65% used [0x000000075d800000,0x0000000762a7f840,0x0000000765680000)
  to   space 134144K, 0% used [0x0000000755500000,0x0000000755500000,0x000000075d800000)
 ParOldGen       total 349696K, used 181882K [0x00000005c0000000, 0x00000005d5580000, 0x0000000715580000)
  object space 349696K, 52% used [0x00000005c0000000,0x00000005cb19eb48,0x00000005d5580000)
 Metaspace       used 9539K, capacity 10636K, committed 11008K, reserved 1058816K
  class space    used 821K, capacity 904K, committed 1024K, reserved 1048576K
}
Event: 6.041 GC heap before
{Heap before GC invocations=7 (full 0):
 PSYoungGen      total 1177600K, used 1132542K [0x0000000715580000, 0x0000000765f80000, 0x00000007c0000000)
  eden space 1048064K, 100% used [0x0000000715580000,0x0000000755500000,0x0000000755500000)
  from space 129536K, 65% used [0x000000075d800000,0x0000000762a7f840,0x0000000765680000)
  to   space 134144K, 0% used [0x0000000755500000,0x0000000755500000,0x000000075d800000)
 ParOldGen       total 349696K, used 181882K [0x00000005c0000000, 0x00000005d5580000, 0x0000000715580000)
  object space 349696K, 52% used [0x00000005c0000000,0x00000005cb19eb48,0x00000005d5580000)
 Metaspace       used 9590K, capacity 10700K, committed 11008K, reserved 1058816K
  class space    used 821K, capacity 904K, committed 1024K, reserved 1048576K
Event: 6.206 GC heap after
Heap after GC invocations=7 (full 0):
 PSYoungGen      total 1182208K, used 134137K [0x0000000715580000, 0x00000007aae80000, 0x00000007c0000000)
  eden space 1048064K, 0% used [0x0000000715580000,0x0000000715580000,0x0000000755500000)
  from space 134144K, 99% used [0x0000000755500000,0x000000075d7fe5c8,0x000000075d800000)
  to   space 177152K, 0% used [0x00000007a0180000,0x00000007a0180000,0x00000007aae80000)
 ParOldGen       total 349696K, used 215058K [0x00000005c0000000, 0x00000005d5580000, 0x0000000715580000)
  object space 349696K, 61% used [0x00000005c0000000,0x00000005cd204bc8,0x00000005d5580000)
 Metaspace       used 9590K, capacity 10700K, committed 11008K, reserved 1058816K
  class space    used 821K, capacity 904K, committed 1024K, reserved 1048576K
}
Event: 6.542 GC heap before
{Heap before GC invocations=8 (full 0):
 PSYoungGen      total 1182208K, used 1182201K [0x0000000715580000, 0x00000007aae80000, 0x00000007c0000000)
  eden space 1048064K, 100% used [0x0000000715580000,0x0000000755500000,0x0000000755500000)
  from space 134144K, 99% used [0x0000000755500000,0x000000075d7fe5c8,0x000000075d800000)
  to   space 177152K, 0% used [0x00000007a0180000,0x00000007a0180000,0x00000007aae80000)
 ParOldGen       total 349696K, used 215058K [0x00000005c0000000, 0x00000005d5580000, 0x0000000715580000)
  object space 349696K, 61% used [0x00000005c0000000,0x00000005cd204bc8,0x00000005d5580000)
 Metaspace       used 10136K, capacity 10956K, committed 11264K, reserved 1058816K
  class space    used 861K, capacity 904K, committed 1024K, reserved 1048576K

