# JRE version: OpenJDK Runtime Environment (8.0_212-b03) (build 1.8.0_212-b03)
# Java VM: OpenJDK 64-Bit Server VM (25.212-b03 mixed mode bsd-amd64 compressed oops)
Heap:
 PSYoungGen      total 1167872K, used 1167855K [0x0000000715580000, 0x0000000790d00000, 0x00000007c0000000)
  eden space 1017856K, 100% used [0x0000000715580000,0x0000000753780000,0x0000000753780000)
  from space 150016K, 99% used [0x0000000753780000,0x000000075c9fbf48,0x000000075ca00000)
  to   space 197120K, 39% used [0x0000000784c80000,0x0000000789840810,0x0000000790d00000)
 ParOldGen       total 349696K, used 287019K [0x00000005c0000000, 0x00000005d5580000, 0x0000000715580000)
  object space 349696K, 82% used [0x00000005c0000000,0x00000005d184cc80,0x00000005d5580000)
 Metaspace       used 10136K, capacity 10956K, committed 11264K, reserved 1058816K
  class space    used 859K, capacity 904K, committed 1024K, reserved 1048576K
GC Heap History (10 events):
Event: 4.280 GC heap after
Heap after GC invocations=5 (full 0):
 PSYoungGen      total 284672K, used 21504K [0x0000000715580000, 0x000000073e880000, 0x00000007c0000000)
  eden space 263168K, 0% used [0x0000000715580000,0x0000000715580000,0x0000000725680000)
  from space 21504K, 100% used [0x0000000725680000,0x0000000726b80000,0x0000000726b80000)
  to   space 74240K, 0% used [0x000000073a000000,0x000000073a000000,0x000000073e880000)
 ParOldGen       total 349696K, used 84173K [0x00000005c0000000, 0x00000005d5580000, 0x0000000715580000)
  object space 349696K, 24% used [0x00000005c0000000,0x00000005c5233448,0x00000005d5580000)
 Metaspace       used 8061K, capacity 9132K, committed 9344K, reserved 1058816K
  class space    used 747K, capacity 808K, committed 896K, reserved 1048576K
}
Event: 4.937 GC heap before
{Heap before GC invocations=6 (full 0):
 PSYoungGen      total 284672K, used 284672K [0x0000000715580000, 0x000000073e880000, 0x00000007c0000000)
  eden space 263168K, 100% used [0x0000000715580000,0x0000000725680000,0x0000000725680000)
  from space 21504K, 100% used [0x0000000725680000,0x0000000726b80000,0x0000000726b80000)
  to   space 74240K, 0% used [0x000000073a000000,0x000000073a000000,0x000000073e880000)
 ParOldGen       total 349696K, used 84173K [0x00000005c0000000, 0x00000005d5580000, 0x0000000715580000)
  object space 349696K, 24% used [0x00000005c0000000,0x00000005c5233448,0x00000005d5580000)
 Metaspace       used 8263K, capacity 9356K, committed 9600K, reserved 1058816K
  class space    used 753K, capacity 840K, committed 896K, reserved 1048576K
Event: 5.003 GC heap after
Heap after GC invocations=6 (full 0):
 PSYoungGen      total 591360K, used 63612K [0x0000000715580000, 0x000000073fa80000, 0x00000007c0000000)
  eden space 517120K, 0% used [0x0000000715580000,0x0000000715580000,0x0000000734e80000)
  from space 74240K, 85% used [0x000000073a000000,0x000000073de1f288,0x000000073e880000)
  to   space 83456K, 0% used [0x0000000734e80000,0x0000000734e80000,0x000000073a000000)
 ParOldGen       total 349696K, used 84181K [0x00000005c0000000, 0x00000005d5580000, 0x0000000715580000)
  object space 349696K, 24% used [0x00000005c0000000,0x00000005c5235448,0x00000005d5580000)
 Metaspace       used 8263K, capacity 9356K, committed 9600K, reserved 1058816K
  class space    used 753K, capacity 840K, committed 896K, reserved 1048576K
}
Event: 6.027 GC heap before
{Heap before GC invocations=7 (full 0):
 PSYoungGen      total 591360K, used 580732K [0x0000000715580000, 0x000000073fa80000, 0x00000007c0000000)
  eden space 517120K, 100% used [0x0000000715580000,0x0000000734e80000,0x0000000734e80000)
  from space 74240K, 85% used [0x000000073a000000,0x000000073de1f288,0x000000073e880000)
  to   space 83456K, 0% used [0x0000000734e80000,0x0000000734e80000,0x000000073a000000)
 ParOldGen       total 349696K, used 84181K [0x00000005c0000000, 0x00000005d5580000, 0x0000000715580000)
  object space 349696K, 24% used [0x00000005c0000000,0x00000005c5235448,0x00000005d5580000)
 Metaspace       used 9507K, capacity 10572K, committed 10752K, reserved 1058816K
  class space    used 818K, capacity 904K, committed 1024K, reserved 1048576K
Event: 6.183 GC heap after
Heap after GC invocations=7 (full 0):
 PSYoungGen      total 600576K, used 83429K [0x0000000715580000, 0x0000000764c80000, 0x00000007c0000000)
  eden space 517120K, 0% used [0x0000000715580000,0x0000000715580000,0x0000000734e80000)
  from space 83456K, 99% used [0x0000000734e80000,0x0000000739ff9610,0x000000073a000000)
  to   space 133632K, 0% used [0x000000075ca00000,0x000000075ca00000,0x0000000764c80000)
 ParOldGen       total 349696K, used 153353K [0x00000005c0000000, 0x00000005d5580000, 0x0000000715580000)
  object space 349696K, 43% used [0x00000005c0000000,0x00000005c95c27c0,0x00000005d5580000)
 Metaspace       used 9507K, capacity 10572K, committed 10752K, reserved 1058816K
  class space    used 818K, capacity 904K, committed 1024K, reserved 1048576K
}
Event: 6.737 GC heap before
{Heap before GC invocations=8 (full 0):
 PSYoungGen      total 600576K, used 600549K [0x0000000715580000, 0x0000000764c80000, 0x00000007c0000000)
  eden space 517120K, 100% used [0x0000000715580000,0x0000000734e80000,0x0000000734e80000)
  from space 83456K, 99% used [0x0000000734e80000,0x0000000739ff9610,0x000000073a000000)
  to   space 133632K, 0% used [0x000000075ca00000,0x000000075ca00000,0x0000000764c80000)
 ParOldGen       total 349696K, used 153353K [0x00000005c0000000, 0x00000005d5580000, 0x0000000715580000)
  object space 349696K, 43% used [0x00000005c0000000,0x00000005c95c27c0,0x00000005d5580000)
 Metaspace       used 9551K, capacity 10636K, committed 11008K, reserved 1058816K
  class space    used 819K, capacity 904K, committed 1024K, reserved 1048576K
Event: 6.842 GC heap after
Heap after GC invocations=8 (full 0):
 PSYoungGen      total 1151488K, used 114074K [0x0000000715580000, 0x0000000766c80000, 0x00000007c0000000)
  eden space 1017856K, 0% used [0x0000000715580000,0x0000000715580000,0x0000000753780000)
  from space 133632K, 85% used [0x000000075ca00000,0x00000007639668d8,0x0000000764c80000)
  to   space 150016K, 0% used [0x0000000753780000,0x0000000753780000,0x000000075ca00000)
 ParOldGen       total 349696K, used 161009K [0x00000005c0000000, 0x00000005d5580000, 0x0000000715580000)
  object space 349696K, 46% used [0x00000005c0000000,0x00000005c9d3c7d0,0x00000005d5580000)
 Metaspace       used 9551K, capacity 10636K, committed 11008K, reserved 1058816K
  class space    used 819K, capacity 904K, committed 1024K, reserved 1048576K
}
Event: 8.580 GC heap before
{Heap before GC invocations=9 (full 0):
 PSYoungGen      total 1151488K, used 1131930K [0x0000000715580000, 0x0000000766c80000, 0x00000007c0000000)
  eden space 1017856K, 100% used [0x0000000715580000,0x0000000753780000,0x0000000753780000)
  from space 133632K, 85% used [0x000000075ca00000,0x00000007639668d8,0x0000000764c80000)
  to   space 150016K, 0% used [0x0000000753780000,0x0000000753780000,0x000000075ca00000)
 ParOldGen       total 349696K, used 161009K [0x00000005c0000000, 0x00000005d5580000, 0x0000000715580000)
  object space 349696K, 46% used [0x00000005c0000000,0x00000005c9d3c7d0,0x00000005d5580000)
 Metaspace       used 10080K, capacity 10892K, committed 11264K, reserved 1058816K
  class space    used 854K, capacity 904K, committed 1024K, reserved 1048576K
Event: 8.749 GC heap after
Heap after GC invocations=9 (full 0):
 PSYoungGen      total 1167872K, used 149999K [0x0000000715580000, 0x0000000790d00000, 0x00000007c0000000)
  eden space 1017856K, 0% used [0x0000000715580000,0x0000000715580000,0x0000000753780000)
  from space 150016K, 99% used [0x0000000753780000,0x000000075c9fbf48,0x000000075ca00000)
  to   space 197120K, 0% used [0x0000000784c80000,0x0000000784c80000,0x0000000790d00000)
 ParOldGen       total 349696K, used 215150K [0x00000005c0000000, 0x00000005d5580000, 0x0000000715580000)
  object space 349696K, 61% used [0x00000005c0000000,0x00000005cd21b970,0x00000005d5580000)
 Metaspace       used 10080K, capacity 10892K, committed 11264K, reserved 1058816K
  class space    used 854K, capacity 904K, committed 1024K, reserved 1048576K
}
Event: 8.889 GC heap before
{Heap before GC invocations=10 (full 0):
 PSYoungGen      total 1167872K, used 1167855K [0x0000000715580000, 0x0000000790d00000, 0x00000007c0000000)
  eden space 1017856K, 100% used [0x0000000715580000,0x0000000753780000,0x0000000753780000)
  from space 150016K, 99% used [0x0000000753780000,0x000000075c9fbf48,0x000000075ca00000)
  to   space 197120K, 0% used [0x0000000784c80000,0x0000000784c80000,0x0000000790d00000)
 ParOldGen       total 349696K, used 215150K [0x00000005c0000000, 0x00000005d5580000, 0x0000000715580000)
  object space 349696K, 61% used [0x00000005c0000000,0x00000005cd21b970,0x00000005d5580000)
 Metaspace       used 10136K, capacity 10956K, committed 11264K, reserved 1058816K
  class space    used 859K, capacity 904K, committed 1024K, reserved 1048576K

